#
# There is insufficient memory for the Java Runtime Environment to continue.
# Native memory allocation (mmap) failed to map 8323072 bytes for G1 virtual space
# Possible reasons:
#   The system is out of physical RAM or swap space
#   The process is running with CompressedOops enabled, and the Java Heap may be blocking the growth of the native heap
# Possible solutions:
#   Reduce memory load on the system
#   Increase physical memory or swap space
#   Check if swap backing store is full
#   Decrease Java heap size (-Xmx/-Xms)
#   Decrease number of Java threads
#   Decrease Java thread stack sizes (-Xss)
#   Set larger code cache with -XX:ReservedCodeCacheSize=
#   JVM is running with Zero Based Compressed Oops mode in which the Java heap is
#     placed in the first 32GB address space. The Java Heap base address is the
#     maximum limit for the native heap growth. Please use -XX:HeapBaseMinAddress
#     to set the Java Heap base and to place the Java Heap above 32GB virtual address.
# This output file may be truncated or incomplete.
#
#  Out of Memory Error (os_windows.cpp:3530), pid=34440, tid=34500
#
# JRE version:  (18.0.2.1+1) (build )
# Java VM: Java HotSpot(TM) 64-Bit Server VM (18.0.2.1+1-1, mixed mode, sharing, tiered, compressed oops, compressed class ptrs, g1 gc, windows-amd64)
# No core dump will be written. Minidumps are not enabled by default on client versions of Windows
#

---------------  S U M M A R Y ------------

Command Line: MethodProber StrassensMatrixMultiplicationImpl

Host: Intel(R) Core(TM) i7-1065G7 CPU @ 1.30GHz, 8 cores, 31G,  Windows 11 , 64 bit Build 22621 (10.0.22621.4391)
Time: Tue Feb  4 16:51:04 2025 GMT Standard Time elapsed time: 0.862586 seconds (0d 0h 0m 0s)

---------------  T H R E A D  ---------------

Current thread (0x0000023dd09bc860):  JavaThread "Unknown thread" [_thread_in_vm, id=34500, stack(0x0000007f03b00000,0x0000007f03c00000)]

Stack: [0x0000007f03b00000,0x0000007f03c00000]
Native frames: (J=compiled Java code, j=interpreted, Vv=VM code, C=native code)
V  [jvm.dll+0x6993aa]
V  [jvm.dll+0x7f46dd]
V  [jvm.dll+0x7f5fee]
V  [jvm.dll+0x7f66a3]
V  [jvm.dll+0x25cf1f]
V  [jvm.dll+0x6962f9]
V  [jvm.dll+0x68ae2a]
V  [jvm.dll+0x32255b]
V  [jvm.dll+0x329f36]
V  [jvm.dll+0x37eaf3]
V  [jvm.dll+0x37ed0f]
V  [jvm.dll+0x2fa2da]
V  [jvm.dll+0x2fb33d]
V  [jvm.dll+0x7c3310]
V  [jvm.dll+0x38be61]
V  [jvm.dll+0x7a2023]
V  [jvm.dll+0x40dc3f]
V  [jvm.dll+0x40f611]
C  [jli.dll+0x526b]
C  [ucrtbase.dll+0x29333]
C  [KERNEL32.DLL+0x1259d]
C  [ntdll.dll+0x5af38]


---------------  P R O C E S S  ---------------

Threads class SMR info:
_java_thread_list=0x00007ffd577be550, length=0, elements={
}

Java Threads: ( => current thread )

Other Threads:
  0x0000023dfa280ce0 WorkerThread "GC Thread#0" [stack: 0x0000007f03c00000,0x0000007f03d00000] [id=34504]
  0x0000023dd0a3e620 ConcurrentGCThread "G1 Main Marker" [stack: 0x0000007f03d00000,0x0000007f03e00000] [id=34508]
  0x0000023dd0a3ff20 WorkerThread "G1 Conc#0" [stack: 0x0000007f03e00000,0x0000007f03f00000] [id=34512]

[error occurred during error reporting (printing all threads), id 0xc0000005, EXCEPTION_ACCESS_VIOLATION (0xc0000005) at pc=0x00007ffd56fea877]

VM state: not at safepoint (not fully initialized)

VM Mutex/Monitor currently owned by a thread:  ([mutex/lock_event])
[0x0000023dd09bb6f0] Heap_lock - owner thread: 0x0000023dd09bc860

Heap address: 0x0000000606400000, size: 8092 MB, Compressed Oops mode: Zero based, Oop shift amount: 3

CDS archive(s) mapped at: [0x0000000000000000-0x0000000000000000-0x0000000000000000), size 0, SharedBaseAddress: 0x0000000800000000, ArchiveRelocationMode: 0.
Narrow klass base: 0x0000000000000000, Narrow klass shift: 0, Narrow klass range: 0x0

GC Precious Log:
 CardTable entry size: 512
 Card Set container configuration: InlinePtr #cards 4 size 8 Array Of Cards #cards 32 size 80 Howl #buckets 8 coarsen threshold 7372 Howl Bitmap #cards 1024 size 144 coarsen threshold 921 Card regions per heap region 1 cards per card region 8192

Heap:
 garbage-first heap   total 0K, used 0K [0x0000000606400000, 0x0000000800000000)
  region size 4096K, 0 young (0K), 0 survivors (0K)

[error occurred during error reporting (printing heap information), id 0xc0000005, EXCEPTION_ACCESS_VIOLATION (0xc0000005) at pc=0x00007ffd573d1839]

GC Heap History (0 events):
No events

Deoptimization events (0 events):
No events

Classes loaded (0 events):
No events

Classes unloaded (0 events):
No events

Classes redefined (0 events):
No events

Internal exceptions (0 events):
No events

VM Operations (0 events):
No events

Events (1 events):
Event: 0.038 Loaded shared library C:\Program Files\Java\jdk-18.0.2.1\bin\java.dll


Dynamic libraries:
0x00007ff693150000 - 0x00007ff693160000 	C:\Program Files\Java\jdk-18.0.2.1\bin\java.exe
0x00007ffdc0850000 - 0x00007ffdc0a67000 	C:\WINDOWS\SYSTEM32\ntdll.dll
0x00007ffdbebb0000 - 0x00007ffdbec74000 	C:\WINDOWS\System32\KERNEL32.DLL
0x00007ffdbe150000 - 0x00007ffdbe50a000 	C:\WINDOWS\System32\KERNELBASE.dll
0x000000006e680000 - 0x000000006e9ae000 	C:\Program Files\Norton Security\NortonData\22.22.11.12\Definitions\IPSDefs\20250203.064\IPSEng64.dll
0x00007ffdbe620000 - 0x00007ffdbe6d2000 	C:\WINDOWS\System32\ADVAPI32.dll
0x00007ffdbe6e0000 - 0x00007ffdbe787000 	C:\WINDOWS\System32\msvcrt.dll
0x00007ffdbe7f0000 - 0x00007ffdbe897000 	C:\WINDOWS\System32\sechost.dll
0x00007ffdbdf30000 - 0x00007ffdbdf58000 	C:\WINDOWS\System32\bcrypt.dll
0x00007ffdbe960000 - 0x00007ffdbea74000 	C:\WINDOWS\System32\RPCRT4.dll
0x00007ffdbf5d0000 - 0x00007ffdbf5d8000 	C:\WINDOWS\System32\PSAPI.DLL
0x00007ffdbdcb0000 - 0x00007ffdbddc1000 	C:\WINDOWS\System32\ucrtbase.dll
0x00007ffdb8520000 - 0x00007ffdb853a000 	C:\Program Files\Java\jdk-18.0.2.1\bin\VCRUNTIME140.dll
0x00007ffdb8540000 - 0x00007ffdb8558000 	C:\Program Files\Java\jdk-18.0.2.1\bin\jli.dll
0x00007ffdbf5e0000 - 0x00007ffdbf78e000 	C:\WINDOWS\System32\USER32.dll
0x00007ffdbe510000 - 0x00007ffdbe536000 	C:\WINDOWS\System32\win32u.dll
0x00007ffd9aef0000 - 0x00007ffd9b182000 	C:\WINDOWS\WinSxS\amd64_microsoft.windows.common-controls_6595b64144ccf1df_6.0.22621.4541_none_2710d1c57384c085\COMCTL32.dll
0x00007ffdbf120000 - 0x00007ffdbf149000 	C:\WINDOWS\System32\GDI32.dll
0x00007ffdbdb10000 - 0x00007ffdbdc2b000 	C:\WINDOWS\System32\gdi32full.dll
0x00007ffdbde90000 - 0x00007ffdbdf2a000 	C:\WINDOWS\System32\msvcp_win.dll
0x00007ffdad9a0000 - 0x00007ffdad9aa000 	C:\WINDOWS\SYSTEM32\VERSION.dll
0x00007ffdc0750000 - 0x00007ffdc0781000 	C:\WINDOWS\System32\IMM32.DLL
0x00007ffdbad20000 - 0x00007ffdbad2c000 	C:\Program Files\Java\jdk-18.0.2.1\bin\vcruntime140_1.dll
0x00007ffda9680000 - 0x00007ffda970d000 	C:\Program Files\Java\jdk-18.0.2.1\bin\msvcp140.dll
0x00007ffd56ce0000 - 0x00007ffd578f1000 	C:\Program Files\Java\jdk-18.0.2.1\bin\server\jvm.dll
0x00007ffd88a90000 - 0x00007ffd88a99000 	C:\WINDOWS\SYSTEM32\WSOCK32.dll
0x00007ffdb5600000 - 0x00007ffdb5634000 	C:\WINDOWS\SYSTEM32\WINMM.dll
0x00007ffdbe5a0000 - 0x00007ffdbe611000 	C:\WINDOWS\System32\WS2_32.dll
0x00007ffdbcb80000 - 0x00007ffdbcb98000 	C:\WINDOWS\SYSTEM32\kernel.appcore.dll
0x00007ffdb77d0000 - 0x00007ffdb77da000 	C:\Program Files\Java\jdk-18.0.2.1\bin\jimage.dll
0x00007ffdbb550000 - 0x00007ffdbb782000 	C:\WINDOWS\SYSTEM32\DBGHELP.DLL
0x00007ffdbed80000 - 0x00007ffdbf111000 	C:\WINDOWS\System32\combase.dll
0x00007ffdc0110000 - 0x00007ffdc01e7000 	C:\WINDOWS\System32\OLEAUT32.dll
0x00007ffdac380000 - 0x00007ffdac3b2000 	C:\WINDOWS\SYSTEM32\dbgcore.DLL
0x00007ffdbdc30000 - 0x00007ffdbdcab000 	C:\WINDOWS\System32\bcryptPrimitives.dll
0x00007ffdaa860000 - 0x00007ffdaa885000 	C:\Program Files\Java\jdk-18.0.2.1\bin\java.dll

dbghelp: loaded successfully - version: 4.0.5 - missing functions: none
symbol engine: initialized successfully - sym options: 0x614 - pdb path: .;C:\Program Files\Java\jdk-18.0.2.1\bin;C:\WINDOWS\SYSTEM32;C:\Program Files\Norton Security\NortonData\22.22.11.12\Definitions\IPSDefs\20250203.064;C:\WINDOWS\WinSxS\amd64_microsoft.windows.common-controls_6595b64144ccf1df_6.0.22621.4541_none_2710d1c57384c085;C:\Program Files\Java\jdk-18.0.2.1\bin\server

VM Arguments:
java_command: MethodProber StrassensMatrixMultiplicationImpl
java_class_path (initial): out/production/DivideAndConquerAbstraction
Launcher Type: SUN_STANDARD

[Global flags]
     intx CICompilerCount                          = 4                                         {product} {ergonomic}
     uint ConcGCThreads                            = 2                                         {product} {ergonomic}
     uint G1ConcRefinementThreads                  = 8                                         {product} {ergonomic}
   size_t G1HeapRegionSize                         = 4194304                                   {product} {ergonomic}
    uintx GCDrainStackTargetSize                   = 64                                        {product} {ergonomic}
   size_t InitialHeapSize                          = 532676608                                 {product} {ergonomic}
   size_t MarkStackSize                            = 4194304                                   {product} {ergonomic}
   size_t MaxHeapSize                              = 8485076992                                {product} {ergonomic}
   size_t MinHeapDeltaBytes                        = 4194304                                   {product} {ergonomic}
   size_t MinHeapSize                              = 8388608                                   {product} {ergonomic}
    uintx NonNMethodCodeHeapSize                   = 5839372                                {pd product} {ergonomic}
    uintx NonProfiledCodeHeapSize                  = 122909434                              {pd product} {ergonomic}
    uintx ProfiledCodeHeapSize                     = 122909434                              {pd product} {ergonomic}
    uintx ReservedCodeCacheSize                    = 251658240                              {pd product} {ergonomic}
     bool SegmentedCodeCache                       = true                                      {product} {ergonomic}
   size_t SoftMaxHeapSize                          = 8485076992                             {manageable} {ergonomic}
     bool UseCompressedClassPointers               = true                           {product lp64_product} {ergonomic}
     bool UseCompressedOops                        = true                           {product lp64_product} {ergonomic}
     bool UseG1GC                                  = true                                      {product} {ergonomic}
     bool UseLargePagesIndividualAllocation        = false                                  {pd product} {ergonomic}

Logging:
Log output configuration:
 #0: stdout all=warning uptime,level,tags foldmultilines=false
 #1: stderr all=off uptime,level,tags foldmultilines=false

Environment Variables:
PATH=C:\Program Files (x86)\Razer\ChromaBroadcast\bin;C:\Program Files\Razer\ChromaBroadcast\bin;C:\Program Files\Common Files\Oracle\Java\javapath;C:\WINDOWS\system32;C:\WINDOWS;C:\WINDOWS\System32\Wbem;C:\WINDOWS\System32\WindowsPowerShell\v1.0\;C:\WINDOWS\System32\OpenSSH\;C:\Program Files\dotnet\;C:\Program Files\Java\jdk-16.0.2\bin;C:\WINDOWS\system32\config\systemprofile\AppData\Local\Microsoft\WindowsApps;C:\Users\David\AppData\Roaming\Microsoft\Windows\Start Menu\Programs\Python 3.12;C:\ProgramData\chocolatey\bin;C:\Program Files (x86)\NVIDIA Corporation\PhysX\Common;C:\Program Files\NVIDIA Corporation\NVIDIA NvDLISR;C:\Program Files\CMake\bin;C:\WINDOWS\system32;C:\WINDOWS;C:\WINDOWS\System32\Wbem;C:\WINDOWS\System32\WindowsPowerShell\v1.0\;C:\WINDOWS\System32\OpenSSH\;C:\Program Files\Java\jdk-14.0.2\bin;C:\Program Files\nodejs\;C:\Program Files\Git\cmd;C:\Program Files\Vagrant\bin;C:\Xilinx\Vivado\2021.1\bin;C:\tools\vcpkg\vcpkg;C:\Users\David\AppData\Local\Programs\Python\Python310;C:\Users\David\AppData\Local\Programs\Python\Python312\Scripts\;C:\Users\David\AppData\Local\Programs\Python\Python312\;C:\Users\David\AppData\Local\Microsoft\WindowsApps;C:\Users\David\.dotnet\tools;C:\Program Files\JetBrains\IntelliJ IDEA Community Edition 2021.2\bin;C:\Users\David\AppData\Roaming\cabal\bin;C:\tools\msys64;C:\Users\David\AppData\Local\Programs\Microsoft VS Code\bin;C:\Program Files\JetBrains\IntelliJ IDEA 2021.3\bin;C:\Users\David\AppData\Local\atom\bin;C:\Users\David\AppData\Local\Microsoft\WindowsApps;C:\Program Files\Java\gradle-6.9.3\bin;C:\ProgramData\David\GitHubDesktop\bin;C:\Users\David\AppData\Local\GitHubDesktop\bin;C:\Users\David\AppData\Roaming\npm;C:\Users\David\.dotnet\tools;C:\msys64\ucrt64\bin;
USERNAME=David
OS=Windows_NT
PROCESSOR_IDENTIFIER=Intel64 Family 6 Model 126 Stepping 5, GenuineIntel



---------------  S Y S T E M  ---------------

OS:
 Windows 11 , 64 bit Build 22621 (10.0.22621.4391)
OS uptime: 0 days 0:42 hours
Hyper-V role detected

CPU: total 8 (initial active 8) (4 cores per cpu, 2 threads per core) family 6 model 126 stepping 5 microcode 0xc6, cx8, cmov, fxsr, ht, mmx, 3dnowpref, sse, sse2, sse3, ssse3, sse4.1, sse4.2, popcnt, lzcnt, tsc, tscinvbit, avx, avx2, aes, erms, clmul, bmi1, bmi2, adx, avx512f, avx512dq, avx512cd, avx512bw, avx512vl, sha, fma, vzeroupper, avx512_vpopcntdq, avx512_vpclmulqdq, avx512_vaes, avx512_vnni, clflush, clflushopt, avx512_vbmi2, avx512_vbmi, hv

Memory: 4k page, system-wide physical 32354M (17507M free)
TotalPageFile size 93244M (AvailPageFile size 7M)
current process WorkingSet (physical memory assigned to process): 12M, peak: 12M
current process commit charge ("private bytes"): 570M, peak: 578M

vm_info: Java HotSpot(TM) 64-Bit Server VM (18.0.2.1+1-1) for windows-amd64 JRE (18.0.2.1+1-1), built on Aug 16 2022 01:46:33 by "mach5one" with MS VC++ 16.8 / 16.9 (VS2019)

END.
